2020-12-02 15:37:18.922  INFO 14700 --- [main] c.w.MovieRecommenderBackendApplication   : Starting MovieRecommenderBackendApplication using Java 1.8.0_181 on DESKTOP-72NEJ0I with PID 14700 (C:\Users\mirac\Desktop\MovieRecommender\movie_recommender_backend\target\classes started by wintershii in C:\Users\mirac\Desktop\MovieRecommender\movie_recommender_backend)
2020-12-02 15:37:18.938  INFO 14700 --- [main] c.w.MovieRecommenderBackendApplication   : No active profile set, falling back to default profiles: default
2020-12-02 15:37:20.378  INFO 14700 --- [main] .s.d.r.c.RepositoryConfigurationDelegate : Bootstrapping Spring Data JPA repositories in DEFERRED mode.
2020-12-02 15:37:20.479  INFO 14700 --- [main] .s.d.r.c.RepositoryConfigurationDelegate : Finished Spring Data repository scanning in 89 ms. Found 2 JPA repository interfaces.
2020-12-02 15:37:21.331  INFO 14700 --- [main] o.s.b.w.embedded.tomcat.TomcatWebServer  : Tomcat initialized with port(s): 8082 (http)
2020-12-02 15:37:21.346  INFO 14700 --- [main] o.apache.catalina.core.StandardService   : Starting service [Tomcat]
2020-12-02 15:37:21.348  INFO 14700 --- [main] org.apache.catalina.core.StandardEngine  : Starting Servlet engine: [Apache Tomcat/9.0.39]
2020-12-02 15:37:21.488  INFO 14700 --- [main] o.a.c.c.C.[Tomcat].[localhost].[/]       : Initializing Spring embedded WebApplicationContext
2020-12-02 15:37:21.489  INFO 14700 --- [main] w.s.c.ServletWebServerApplicationContext : Root WebApplicationContext: initialization completed in 2380 ms
2020-12-02 15:37:21.877  INFO 14700 --- [main] o.s.s.concurrent.ThreadPoolTaskExecutor  : Initializing ExecutorService 'applicationTaskExecutor'
2020-12-02 15:37:21.971  INFO 14700 --- [task-1] o.hibernate.jpa.internal.util.LogHelper  : HHH000204: Processing PersistenceUnitInfo [name: default]
2020-12-02 15:37:22.062  WARN 14700 --- [main] JpaBaseConfiguration$JpaWebConfiguration : spring.jpa.open-in-view is enabled by default. Therefore, database queries may be performed during view rendering. Explicitly configure spring.jpa.open-in-view to disable this warning
2020-12-02 15:37:22.170  INFO 14700 --- [task-1] org.hibernate.Version                    : HHH000412: Hibernate ORM core version 5.4.23.Final
2020-12-02 15:37:22.595  INFO 14700 --- [task-1] o.hibernate.annotations.common.Version   : HCANN000001: Hibernate Commons Annotations {5.1.2.Final}
2020-12-02 15:37:22.912  INFO 14700 --- [main] o.s.b.w.embedded.tomcat.TomcatWebServer  : Tomcat started on port(s): 8082 (http) with context path ''
2020-12-02 15:37:22.916  INFO 14700 --- [main] DeferredRepositoryInitializationListener : Triggering deferred initialization of Spring Data repositories…
2020-12-02 15:37:23.012  INFO 14700 --- [task-1] com.alibaba.druid.pool.DruidDataSource   : {dataSource-1} inited
2020-12-02 15:37:23.850  INFO 14700 --- [task-1] org.hibernate.dialect.Dialect            : HHH000400: Using dialect: org.hibernate.dialect.MySQL8Dialect
2020-12-02 15:37:24.813  INFO 14700 --- [task-1] o.h.e.t.j.p.i.JtaPlatformInitiator       : HHH000490: Using JtaPlatform implementation: [org.hibernate.engine.transaction.jta.platform.internal.NoJtaPlatform]
2020-12-02 15:37:24.815  INFO 14700 --- [task-1] j.LocalContainerEntityManagerFactoryBean : Initialized JPA EntityManagerFactory for persistence unit 'default'
2020-12-02 15:37:25.188  INFO 14700 --- [main] DeferredRepositoryInitializationListener : Spring Data repositories initialized!
2020-12-02 15:37:25.189  INFO 14700 --- [main] c.w.MovieRecommenderBackendApplication   : Started MovieRecommenderBackendApplication in 7.254 seconds (JVM running for 12.787)
2020-12-02 15:37:48.359  INFO 14700 --- [http-nio-8082-exec-1] o.a.c.c.C.[Tomcat].[localhost].[/]       : Initializing Spring DispatcherServlet 'dispatcherServlet'
2020-12-02 15:37:48.360  INFO 14700 --- [http-nio-8082-exec-1] o.s.web.servlet.DispatcherServlet        : Initializing Servlet 'dispatcherServlet'
2020-12-02 15:37:48.361  INFO 14700 --- [http-nio-8082-exec-1] o.s.web.servlet.DispatcherServlet        : Completed initialization in 1 ms
2020-12-02 15:37:48.427  INFO 14700 --- [http-nio-8082-exec-1] com.winter.controller.UserController     : winter 123456
